<?xml version="1.0" encoding="UTF-8"?>
<!-- Generated by org.testng.reporters.JUnitReportReporter -->
<testsuite skipped="0" hostname="DESKTOP-UL25I8J" name="com.comcast.contact.Contact" tests="1" failures="0" timestamp="2021-09-21T17:12:16 IST" time="0.028" errors="0">
  <testcase name="createContactTest" time="0.028" classname="com.comcast.contact.Contact"/>
  <system-out/>
</testsuite> <!-- com.comcast.contact.Contact -->
