<?xml version="1.0" encoding="UTF-8"?>
<!-- Generated by org.testng.reporters.JUnitReportReporter -->
<testsuite skipped="0" hostname="DESKTOP-UL25I8J" name="com.comcast.contact.ContactTest" tests="3" failures="0" timestamp="2021-09-21T17:22:13 IST" time="0.031" errors="0">
  <testcase name="createContactWithOrgTest" time="0.004" classname="com.comcast.contact.ContactTest"/>
  <system-out/>
  <testcase name="deleteContactTest" time="0.002" classname="com.comcast.contact.ContactTest"/>
  <system-out/>
  <testcase name="createContactTest" time="0.025" classname="com.comcast.contact.ContactTest"/>
  <system-out/>
</testsuite> <!-- com.comcast.contact.ContactTest -->
